<?xml version="1.0" encoding="UTF-8"?>
<!-- Generated by org.testng.reporters.JUnitReportReporter -->
<testsuite hostname="FC-PC" name="TestSuite.TestConfig" tests="1" failures="0" timestamp="24 Dec 2015 06:08:50 GMT" time="27.567" errors="0">
  <testcase name="Registration" time="27.567" classname="TestSuite.TestConfig"/>
</testsuite> <!-- TestSuite.TestConfig -->
