<?xml version="1.0" encoding="UTF-8"?>
<!-- Generated by org.testng.reporters.JUnitReportReporter -->
<testsuite hostname="FC-PC" name="TestSuite.TestConfig" tests="1" failures="0" timestamp="23 Dec 2015 10:13:05 GMT" time="26.881" errors="0">
  <testcase name="Registration" time="26.881" classname="TestSuite.TestConfig"/>
</testsuite> <!-- TestSuite.TestConfig -->
